[4m>>>> Executing external compose provider "/usr/bin/podman-compose". Please see podman-compose(1) for how to disable this message. <<<<

[0m[ENTRYPOINT] Demarrage du backend Sauvetage
[ENTRYPOINT] DATABASE_URL construit depuis les variables BD
[ENTRYPOINT] DATABASE_SECURE_URL construit depuis les variables BD
[ENTRYPOINT] MONGODB_URL construit depuis les variables BD
[ENTRYPOINT] Configuration:
[ENTRYPOINT]   DATABASE_URL: [REDACTED]
[ENTRYPOINT]   MONGODB_URL: [REDACTED]
[ENTRYPOINT]   LOG_LEVEL=info
[ENTRYPOINT]   DEBUG=true
Attente de PostgreSQL sur db-main:5432...
PostgreSQL est accessible !
[ENTRYPOINT] Demarrage de Gunicorn (4 workers)
[2026-02-19 13:23:00 +0000] [1] [INFO] Starting gunicorn 25.0.1
[2026-02-19 13:23:00 +0000] [1] [INFO] Listening at: http://0.0.0.0:8000 (1)
[2026-02-19 13:23:00 +0000] [1] [INFO] Using worker: uvicorn.workers.UvicornWorker
[2026-02-19 13:23:00 +0000] [7] [INFO] Booting worker with pid: 7
[2026-02-19 13:23:00 +0000] [8] [INFO] Booting worker with pid: 8
[2026-02-19 13:23:00 +0000] [9] [INFO] Booting worker with pid: 9
[2026-02-19 13:23:00 +0000] [10] [INFO] Booting worker with pid: 10
[2026-02-19 13:23:00 +0000] [7] [INFO] Started server process [7]
[2026-02-19 13:23:00 +0000] [8] [INFO] Started server process [8]
[2026-02-19 13:23:00 +0000] [7] [INFO] Waiting for application startup.
[2026-02-19 13:23:00 +0000] [8] [INFO] Waiting for application startup.
[2026-02-19 13:23:00 +0000] [9] [INFO] Started server process [9]
[2026-02-19 13:23:00 +0000] [9] [INFO] Waiting for application startup.
[2026-02-19 13:23:00 +0000] [10] [INFO] Started server process [10]
[2026-02-19 13:23:00 +0000] [10] [INFO] Waiting for application startup.
Traceback (most recent call last):
  File "/usr/local/lib/python3.12/site-packages/sqlalchemy/engine/base.py", line 143, in __init__
    self._dbapi_connection = engine.raw_connection()
                             ^^^^^^^^^^^^^^^^^^^^^^^
  File "/usr/local/lib/python3.12/site-packages/sqlalchemy/engine/base.py", line 3309, in raw_connection
Traceback (most recent call last):
  File "/usr/local/lib/python3.12/site-packages/sqlalchemy/engine/base.py", line 143, in __init__
    self._dbapi_connection = engine.raw_connection()
                             ^^^^^^^^^^^^^^^^^^^^^^^
  File "/usr/local/lib/python3.12/site-packages/sqlalchemy/engine/base.py", line 3309, in raw_connection
Traceback (most recent call last):
    return self.pool.connect()
  File "/usr/local/lib/python3.12/site-packages/sqlalchemy/engine/base.py", line 143, in __init__
           ^^^^^^^^^^^^^^^^^^^
  File "/usr/local/lib/python3.12/site-packages/sqlalchemy/pool/base.py", line 447, in connect
    self._dbapi_connection = engine.raw_connection()
                             ^^^^^^^^^^^^^^^^^^^^^^^
    return _ConnectionFairy._checkout(self)
  File "/usr/local/lib/python3.12/site-packages/sqlalchemy/engine/base.py", line 3309, in raw_connection
           ^^^^^^^^^^^^^^^^^^^^^^^^^^^^^^^^
  File "/usr/local/lib/python3.12/site-packages/sqlalchemy/pool/base.py", line 1264, in _checkout
    fairy = _ConnectionRecord.checkout(pool)
            ^^^^^^^^^^^^^^^^^^^^^^^^^^^^^^^^
  File "/usr/local/lib/python3.12/site-packages/sqlalchemy/pool/base.py", line 711, in checkout
    rec = pool._do_get()
          ^^^^^^^^^^^^^^
  File "/usr/local/lib/python3.12/site-packages/sqlalchemy/pool/impl.py", line 306, in _do_get
    return self._create_connection()
           ^^^^^^^^^^^^^^^^^^^^^^^^^
    return self.pool.connect()
  File "/usr/local/lib/python3.12/site-packages/sqlalchemy/pool/base.py", line 388, in _create_connection
           ^^^^^^^^^^^^^^^^^^^
  File "/usr/local/lib/python3.12/site-packages/sqlalchemy/pool/base.py", line 447, in connect
    return _ConnectionRecord(self)
           ^^^^^^^^^^^^^^^^^^^^^^^
  File "/usr/local/lib/python3.12/site-packages/sqlalchemy/pool/base.py", line 673, in __init__
    return _ConnectionFairy._checkout(self)
           ^^^^^^^^^^^^^^^^^^^^^^^^^^^^^^^^
  File "/usr/local/lib/python3.12/site-packages/sqlalchemy/pool/base.py", line 1264, in _checkout
    self.__connect()
  File "/usr/local/lib/python3.12/site-packages/sqlalchemy/pool/base.py", line 899, in __connect
    return self.pool.connect()
           ^^^^^^^^^^^^^^^^^^^
  File "/usr/local/lib/python3.12/site-packages/sqlalchemy/pool/base.py", line 447, in connect
    fairy = _ConnectionRecord.checkout(pool)
            ^^^^^^^^^^^^^^^^^^^^^^^^^^^^^^^^
  File "/usr/local/lib/python3.12/site-packages/sqlalchemy/pool/base.py", line 711, in checkout
    with util.safe_reraise():
         ^^^^^^^^^^^^^^^^^^^
  File "/usr/local/lib/python3.12/site-packages/sqlalchemy/util/langhelpers.py", line 224, in __exit__
    return _ConnectionFairy._checkout(self)
           ^^^^^^^^^^^^^^^^^^^^^^^^^^^^^^^^
  File "/usr/local/lib/python3.12/site-packages/sqlalchemy/pool/base.py", line 1264, in _checkout
    raise exc_value.with_traceback(exc_tb)
    rec = pool._do_get()
  File "/usr/local/lib/python3.12/site-packages/sqlalchemy/pool/base.py", line 895, in __connect
          ^^^^^^^^^^^^^^
  File "/usr/local/lib/python3.12/site-packages/sqlalchemy/pool/impl.py", line 306, in _do_get
    return self._create_connection()
           ^^^^^^^^^^^^^^^^^^^^^^^^^
  File "/usr/local/lib/python3.12/site-packages/sqlalchemy/pool/base.py", line 388, in _create_connection
    return _ConnectionRecord(self)
    fairy = _ConnectionRecord.checkout(pool)
    self.dbapi_connection = connection = pool._invoke_creator(self)
           ^^^^^^^^^^^^^^^^^^^^^^^
  File "/usr/local/lib/python3.12/site-packages/sqlalchemy/pool/base.py", line 673, in __init__
            ^^^^^^^^^^^^^^^^^^^^^^^^^^^^^^^^
  File "/usr/local/lib/python3.12/site-packages/sqlalchemy/pool/base.py", line 711, in checkout
                                         ^^^^^^^^^^^^^^^^^^^^^^^^^^
  File "/usr/local/lib/python3.12/site-packages/sqlalchemy/engine/create.py", line 661, in connect
    self.__connect()
  File "/usr/local/lib/python3.12/site-packages/sqlalchemy/pool/base.py", line 899, in __connect
    rec = pool._do_get()
          ^^^^^^^^^^^^^^
  File "/usr/local/lib/python3.12/site-packages/sqlalchemy/pool/impl.py", line 306, in _do_get
    return self._create_connection()
    return dialect.connect(*cargs, **cparams)
           ^^^^^^^^^^^^^^^^^^^^^^^^^
  File "/usr/local/lib/python3.12/site-packages/sqlalchemy/pool/base.py", line 388, in _create_connection
    with util.safe_reraise():
           ^^^^^^^^^^^^^^^^^^^^^^^^^^^^^^^^^^
         ^^^^^^^^^^^^^^^^^^^
  File "/usr/local/lib/python3.12/site-packages/sqlalchemy/engine/default.py", line 630, in connect
  File "/usr/local/lib/python3.12/site-packages/sqlalchemy/util/langhelpers.py", line 224, in __exit__
    return _ConnectionRecord(self)
           ^^^^^^^^^^^^^^^^^^^^^^^
  File "/usr/local/lib/python3.12/site-packages/sqlalchemy/pool/base.py", line 673, in __init__
    raise exc_value.with_traceback(exc_tb)
  File "/usr/local/lib/python3.12/site-packages/sqlalchemy/pool/base.py", line 895, in __connect
    return self.loaded_dbapi.connect(*cargs, **cparams)  # type: ignore[no-any-return]  # NOQA: E501
           ^^^^^^^^^^^^^^^^^^^^^^^^^^^^^^^^^^^^^^^^^^^^
  File "/usr/local/lib/python3.12/site-packages/psycopg2/__init__.py", line 122, in connect
    self.__connect()
  File "/usr/local/lib/python3.12/site-packages/sqlalchemy/pool/base.py", line 899, in __connect
    conn = _connect(dsn, connection_factory=connection_factory, **kwasync)
    self.dbapi_connection = connection = pool._invoke_creator(self)
           ^^^^^^^^^^^^^^^^^^^^^^^^^^^^^^^^^^^^^^^^^^^^^^^^^^^^^^^^^^^^^^^
                                         ^^^^^^^^^^^^^^^^^^^^^^^^^^
  File "/usr/local/lib/python3.12/site-packages/sqlalchemy/engine/create.py", line 661, in connect
psycopg2.OperationalError: connection to server at "db-main" (10.89.1.6), port 5432 failed: FATAL:  the database system is starting up


The above exception was the direct cause of the following exception:

Traceback (most recent call last):
  File "/usr/local/bin/alembic", line 8, in <module>
    sys.exit(main())
             ^^^^^^
  File "/usr/local/lib/python3.12/site-packages/alembic/config.py", line 1047, in main
    with util.safe_reraise():
         ^^^^^^^^^^^^^^^^^^^
  File "/usr/local/lib/python3.12/site-packages/sqlalchemy/util/langhelpers.py", line 224, in __exit__
    return dialect.connect(*cargs, **cparams)
           ^^^^^^^^^^^^^^^^^^^^^^^^^^^^^^^^^^
  File "/usr/local/lib/python3.12/site-packages/sqlalchemy/engine/default.py", line 630, in connect
    raise exc_value.with_traceback(exc_tb)
  File "/usr/local/lib/python3.12/site-packages/sqlalchemy/pool/base.py", line 895, in __connect
Traceback (most recent call last):
  File "/usr/local/lib/python3.12/site-packages/sqlalchemy/engine/base.py", line 143, in __init__
    CommandLine(prog=prog).main(argv=argv)
  File "/usr/local/lib/python3.12/site-packages/alembic/config.py", line 1037, in main
    return self.loaded_dbapi.connect(*cargs, **cparams)  # type: ignore[no-any-return]  # NOQA: E501
           ^^^^^^^^^^^^^^^^^^^^^^^^^^^^^^^^^^^^^^^^^^^^
  File "/usr/local/lib/python3.12/site-packages/psycopg2/__init__.py", line 122, in connect
    self.dbapi_connection = connection = pool._invoke_creator(self)
    self._dbapi_connection = engine.raw_connection()
                                         ^^^^^^^^^^^^^^^^^^^^^^^^^^
    conn = _connect(dsn, connection_factory=connection_factory, **kwasync)
  File "/usr/local/lib/python3.12/site-packages/sqlalchemy/engine/create.py", line 661, in connect
                             ^^^^^^^^^^^^^^^^^^^^^^^
  File "/usr/local/lib/python3.12/site-packages/sqlalchemy/engine/base.py", line 3309, in raw_connection
           ^^^^^^^^^^^^^^^^^^^^^^^^^^^^^^^^^^^^^^^^^^^^^^^^^^^^^^^^^^^^^^^
psycopg2.OperationalError: connection to server at "db-main" (10.89.1.6), port 5432 failed: FATAL:  the database system is starting up


The above exception was the direct cause of the following exception:

Traceback (most recent call last):
  File "/usr/local/bin/alembic", line 8, in <module>
    self.run_cmd(cfg, options)
    sys.exit(main())
  File "/usr/local/lib/python3.12/site-packages/alembic/config.py", line 971, in run_cmd
             ^^^^^^
  File "/usr/local/lib/python3.12/site-packages/alembic/config.py", line 1047, in main
    return dialect.connect(*cargs, **cparams)
           ^^^^^^^^^^^^^^^^^^^^^^^^^^^^^^^^^^
  File "/usr/local/lib/python3.12/site-packages/sqlalchemy/engine/default.py", line 630, in connect
    fn(
  File "/usr/local/lib/python3.12/site-packages/alembic/command.py", line 483, in upgrade
    return self.loaded_dbapi.connect(*cargs, **cparams)  # type: ignore[no-any-return]  # NOQA: E501
    CommandLine(prog=prog).main(argv=argv)
           ^^^^^^^^^^^^^^^^^^^^^^^^^^^^^^^^^^^^^^^^^^^^
  File "/usr/local/lib/python3.12/site-packages/alembic/config.py", line 1037, in main
  File "/usr/local/lib/python3.12/site-packages/psycopg2/__init__.py", line 122, in connect
    script.run_env()
    conn = _connect(dsn, connection_factory=connection_factory, **kwasync)
  File "/usr/local/lib/python3.12/site-packages/alembic/script/base.py", line 545, in run_env
           ^^^^^^^^^^^^^^^^^^^^^^^^^^^^^^^^^^^^^^^^^^^^^^^^^^^^^^^^^^^^^^^
psycopg2.OperationalError: connection to server at "db-main" (10.89.1.6), port 5432 failed: FATAL:  the database system is starting up


The above exception was the direct cause of the following exception:

Traceback (most recent call last):
  File "/usr/local/bin/alembic", line 8, in <module>
    sys.exit(main())
             ^^^^^^
  File "/usr/local/lib/python3.12/site-packages/alembic/config.py", line 1047, in main
    self.run_cmd(cfg, options)
    util.load_python_file(self.dir, "env.py")
  File "/usr/local/lib/python3.12/site-packages/alembic/config.py", line 971, in run_cmd
  File "/usr/local/lib/python3.12/site-packages/alembic/util/pyfiles.py", line 116, in load_python_file
    return self.pool.connect()
    module = load_module_py(module_id, path)
           ^^^^^^^^^^^^^^^^^^^
  File "/usr/local/lib/python3.12/site-packages/sqlalchemy/pool/base.py", line 447, in connect
             ^^^^^^^^^^^^^^^^^^^^^^^^^^^^^^^
  File "/usr/local/lib/python3.12/site-packages/alembic/util/pyfiles.py", line 136, in load_module_py
    spec.loader.exec_module(module)  # type: ignore
    CommandLine(prog=prog).main(argv=argv)
    ^^^^^^^^^^^^^^^^^^^^^^^^^^^^^^^
    fn(
  File "<frozen importlib._bootstrap_external>", line 999, in exec_module
  File "<frozen importlib._bootstrap>", line 488, in _call_with_frames_removed
  File "/usr/local/lib/python3.12/site-packages/alembic/command.py", line 483, in upgrade
  File "/app/main/alembic/env.py", line 97, in <module>
  File "/usr/local/lib/python3.12/site-packages/alembic/config.py", line 1037, in main
    return _ConnectionFairy._checkout(self)
           ^^^^^^^^^^^^^^^^^^^^^^^^^^^^^^^^
  File "/usr/local/lib/python3.12/site-packages/sqlalchemy/pool/base.py", line 1264, in _checkout
    run_migrations_online()
  File "/app/main/alembic/env.py", line 82, in run_migrations_online
    script.run_env()
  File "/usr/local/lib/python3.12/site-packages/alembic/script/base.py", line 545, in run_env
    with connectable.connect() as connection:
         ^^^^^^^^^^^^^^^^^^^^^
  File "/usr/local/lib/python3.12/site-packages/sqlalchemy/engine/base.py", line 3285, in connect
    self.run_cmd(cfg, options)
  File "/usr/local/lib/python3.12/site-packages/alembic/config.py", line 971, in run_cmd
    util.load_python_file(self.dir, "env.py")
  File "/usr/local/lib/python3.12/site-packages/alembic/util/pyfiles.py", line 116, in load_python_file
    fairy = _ConnectionRecord.checkout(pool)
            ^^^^^^^^^^^^^^^^^^^^^^^^^^^^^^^^
  File "/usr/local/lib/python3.12/site-packages/sqlalchemy/pool/base.py", line 711, in checkout
    module = load_module_py(module_id, path)
             ^^^^^^^^^^^^^^^^^^^^^^^^^^^^^^^
  File "/usr/local/lib/python3.12/site-packages/alembic/util/pyfiles.py", line 136, in load_module_py
    fn(
    spec.loader.exec_module(module)  # type: ignore
  File "/usr/local/lib/python3.12/site-packages/alembic/command.py", line 483, in upgrade
    ^^^^^^^^^^^^^^^^^^^^^^^^^^^^^^^
  File "<frozen importlib._bootstrap_external>", line 999, in exec_module
  File "<frozen importlib._bootstrap>", line 488, in _call_with_frames_removed
  File "/app/main/alembic/env.py", line 97, in <module>
    rec = pool._do_get()
          ^^^^^^^^^^^^^^
  File "/usr/local/lib/python3.12/site-packages/sqlalchemy/pool/impl.py", line 306, in _do_get
    run_migrations_online()
    script.run_env()
  File "/app/main/alembic/env.py", line 82, in run_migrations_online
  File "/usr/local/lib/python3.12/site-packages/alembic/script/base.py", line 545, in run_env
    return self._create_connection()
    with connectable.connect() as connection:
         ^^^^^^^^^^^^^^^^^^^^^
           ^^^^^^^^^^^^^^^^^^^^^^^^^
  File "/usr/local/lib/python3.12/site-packages/sqlalchemy/pool/base.py", line 388, in _create_connection
  File "/usr/local/lib/python3.12/site-packages/sqlalchemy/engine/base.py", line 3285, in connect
    util.load_python_file(self.dir, "env.py")
  File "/usr/local/lib/python3.12/site-packages/alembic/util/pyfiles.py", line 116, in load_python_file
    return _ConnectionRecord(self)
           ^^^^^^^^^^^^^^^^^^^^^^^
  File "/usr/local/lib/python3.12/site-packages/sqlalchemy/pool/base.py", line 673, in __init__
    module = load_module_py(module_id, path)
    return self._connection_cls(self)
             ^^^^^^^^^^^^^^^^^^^^^^^^^^^^^^^
  File "/usr/local/lib/python3.12/site-packages/alembic/util/pyfiles.py", line 136, in load_module_py
           ^^^^^^^^^^^^^^^^^^^^^^^^^^
  File "/usr/local/lib/python3.12/site-packages/sqlalchemy/engine/base.py", line 145, in __init__
    spec.loader.exec_module(module)  # type: ignore
    ^^^^^^^^^^^^^^^^^^^^^^^^^^^^^^^
  File "<frozen importlib._bootstrap_external>", line 999, in exec_module
    Connection._handle_dbapi_exception_noconnection(
    self.__connect()
  File "<frozen importlib._bootstrap>", line 488, in _call_with_frames_removed
  File "/app/main/alembic/env.py", line 97, in <module>
  File "/usr/local/lib/python3.12/site-packages/sqlalchemy/engine/base.py", line 2448, in _handle_dbapi_exception_noconnection
  File "/usr/local/lib/python3.12/site-packages/sqlalchemy/pool/base.py", line 899, in __connect
    run_migrations_online()
  File "/app/main/alembic/env.py", line 82, in run_migrations_online
    with connectable.connect() as connection:
         ^^^^^^^^^^^^^^^^^^^^^
  File "/usr/local/lib/python3.12/site-packages/sqlalchemy/engine/base.py", line 3285, in connect
    with util.safe_reraise():
         ^^^^^^^^^^^^^^^^^^^
  File "/usr/local/lib/python3.12/site-packages/sqlalchemy/util/langhelpers.py", line 224, in __exit__
    raise exc_value.with_traceback(exc_tb)
  File "/usr/local/lib/python3.12/site-packages/sqlalchemy/pool/base.py", line 895, in __connect
    return self._connection_cls(self)
           ^^^^^^^^^^^^^^^^^^^^^^^^^^
  File "/usr/local/lib/python3.12/site-packages/sqlalchemy/engine/base.py", line 145, in __init__
    Connection._handle_dbapi_exception_noconnection(
  File "/usr/local/lib/python3.12/site-packages/sqlalchemy/engine/base.py", line 2448, in _handle_dbapi_exception_noconnection
    raise sqlalchemy_exception.with_traceback(exc_info[2]) from e
  File "/usr/local/lib/python3.12/site-packages/sqlalchemy/engine/base.py", line 143, in __init__
    self.dbapi_connection = connection = pool._invoke_creator(self)
                                         ^^^^^^^^^^^^^^^^^^^^^^^^^^
  File "/usr/local/lib/python3.12/site-packages/sqlalchemy/engine/create.py", line 661, in connect
    self._dbapi_connection = engine.raw_connection()
                             ^^^^^^^^^^^^^^^^^^^^^^^
  File "/usr/local/lib/python3.12/site-packages/sqlalchemy/engine/base.py", line 3309, in raw_connection
    return dialect.connect(*cargs, **cparams)
           ^^^^^^^^^^^^^^^^^^^^^^^^^^^^^^^^^^
  File "/usr/local/lib/python3.12/site-packages/sqlalchemy/engine/default.py", line 630, in connect
    return self._connection_cls(self)
           ^^^^^^^^^^^^^^^^^^^^^^^^^^
  File "/usr/local/lib/python3.12/site-packages/sqlalchemy/engine/base.py", line 145, in __init__
    Connection._handle_dbapi_exception_noconnection(
  File "/usr/local/lib/python3.12/site-packages/sqlalchemy/engine/base.py", line 2448, in _handle_dbapi_exception_noconnection
    return self.loaded_dbapi.connect(*cargs, **cparams)  # type: ignore[no-any-return]  # NOQA: E501
    raise sqlalchemy_exception.with_traceback(exc_info[2]) from e
  File "/usr/local/lib/python3.12/site-packages/sqlalchemy/engine/base.py", line 143, in __init__
           ^^^^^^^^^^^^^^^^^^^^^^^^^^^^^^^^^^^^^^^^^^^^
  File "/usr/local/lib/python3.12/site-packages/psycopg2/__init__.py", line 122, in connect
    self._dbapi_connection = engine.raw_connection()
    conn = _connect(dsn, connection_factory=connection_factory, **kwasync)
                             ^^^^^^^^^^^^^^^^^^^^^^^
  File "/usr/local/lib/python3.12/site-packages/sqlalchemy/engine/base.py", line 3309, in raw_connection
           ^^^^^^^^^^^^^^^^^^^^^^^^^^^^^^^^^^^^^^^^^^^^^^^^^^^^^^^^^^^^^^^
psycopg2.OperationalError: connection to server at "db-main" (10.89.1.6), port 5432 failed: FATAL:  the database system is starting up


The above exception was the direct cause of the following exception:

Traceback (most recent call last):
  File "/usr/local/bin/alembic", line 8, in <module>
    sys.exit(main())
             ^^^^^^
  File "/usr/local/lib/python3.12/site-packages/alembic/config.py", line 1047, in main
    return self.pool.connect()
           ^^^^^^^^^^^^^^^^^^^
  File "/usr/local/lib/python3.12/site-packages/sqlalchemy/pool/base.py", line 447, in connect
    raise sqlalchemy_exception.with_traceback(exc_info[2]) from e
    CommandLine(prog=prog).main(argv=argv)
  File "/usr/local/lib/python3.12/site-packages/sqlalchemy/engine/base.py", line 143, in __init__
    return _ConnectionFairy._checkout(self)
  File "/usr/local/lib/python3.12/site-packages/alembic/config.py", line 1037, in main
           ^^^^^^^^^^^^^^^^^^^^^^^^^^^^^^^^
  File "/usr/local/lib/python3.12/site-packages/sqlalchemy/pool/base.py", line 1264, in _checkout
    self._dbapi_connection = engine.raw_connection()
                             ^^^^^^^^^^^^^^^^^^^^^^^
  File "/usr/local/lib/python3.12/site-packages/sqlalchemy/engine/base.py", line 3309, in raw_connection
    self.run_cmd(cfg, options)
  File "/usr/local/lib/python3.12/site-packages/alembic/config.py", line 971, in run_cmd
    return self.pool.connect()
    fairy = _ConnectionRecord.checkout(pool)
           ^^^^^^^^^^^^^^^^^^^
  File "/usr/local/lib/python3.12/site-packages/sqlalchemy/pool/base.py", line 447, in connect
            ^^^^^^^^^^^^^^^^^^^^^^^^^^^^^^^^
  File "/usr/local/lib/python3.12/site-packages/sqlalchemy/pool/base.py", line 711, in checkout
    return _ConnectionFairy._checkout(self)
           ^^^^^^^^^^^^^^^^^^^^^^^^^^^^^^^^
  File "/usr/local/lib/python3.12/site-packages/sqlalchemy/pool/base.py", line 1264, in _checkout
    fn(
  File "/usr/local/lib/python3.12/site-packages/alembic/command.py", line 483, in upgrade
    rec = pool._do_get()
          ^^^^^^^^^^^^^^
  File "/usr/local/lib/python3.12/site-packages/sqlalchemy/pool/impl.py", line 306, in _do_get
    script.run_env()
    return self._create_connection()
  File "/usr/local/lib/python3.12/site-packages/alembic/script/base.py", line 545, in run_env
           ^^^^^^^^^^^^^^^^^^^^^^^^^
  File "/usr/local/lib/python3.12/site-packages/sqlalchemy/pool/base.py", line 388, in _create_connection
    fairy = _ConnectionRecord.checkout(pool)
    return self.pool.connect()
    return _ConnectionRecord(self)
            ^^^^^^^^^^^^^^^^^^^^^^^^^^^^^^^^
           ^^^^^^^^^^^^^^^^^^^
    util.load_python_file(self.dir, "env.py")
           ^^^^^^^^^^^^^^^^^^^^^^^
  File "/usr/local/lib/python3.12/site-packages/sqlalchemy/pool/base.py", line 711, in checkout
  File "/usr/local/lib/python3.12/site-packages/sqlalchemy/pool/base.py", line 447, in connect
  File "/usr/local/lib/python3.12/site-packages/sqlalchemy/pool/base.py", line 673, in __init__
  File "/usr/local/lib/python3.12/site-packages/alembic/util/pyfiles.py", line 116, in load_python_file
    module = load_module_py(module_id, path)
             ^^^^^^^^^^^^^^^^^^^^^^^^^^^^^^^
    return _ConnectionFairy._checkout(self)
  File "/usr/local/lib/python3.12/site-packages/alembic/util/pyfiles.py", line 136, in load_module_py
    rec = pool._do_get()
           ^^^^^^^^^^^^^^^^^^^^^^^^^^^^^^^^
    self.__connect()
  File "/usr/local/lib/python3.12/site-packages/sqlalchemy/pool/base.py", line 1264, in _checkout
          ^^^^^^^^^^^^^^
  File "/usr/local/lib/python3.12/site-packages/sqlalchemy/pool/impl.py", line 306, in _do_get
  File "/usr/local/lib/python3.12/site-packages/sqlalchemy/pool/base.py", line 899, in __connect
    spec.loader.exec_module(module)  # type: ignore
    ^^^^^^^^^^^^^^^^^^^^^^^^^^^^^^^
    return self._create_connection()
  File "<frozen importlib._bootstrap_external>", line 999, in exec_module
  File "<frozen importlib._bootstrap>", line 488, in _call_with_frames_removed
  File "/app/main/alembic/env.py", line 97, in <module>
           ^^^^^^^^^^^^^^^^^^^^^^^^^
  File "/usr/local/lib/python3.12/site-packages/sqlalchemy/pool/base.py", line 388, in _create_connection
    run_migrations_online()
  File "/app/main/alembic/env.py", line 82, in run_migrations_online
    with util.safe_reraise():
    return _ConnectionRecord(self)
         ^^^^^^^^^^^^^^^^^^^
  File "/usr/local/lib/python3.12/site-packages/sqlalchemy/util/langhelpers.py", line 224, in __exit__
    with connectable.connect() as connection:
           ^^^^^^^^^^^^^^^^^^^^^^^
  File "/usr/local/lib/python3.12/site-packages/sqlalchemy/pool/base.py", line 673, in __init__
         ^^^^^^^^^^^^^^^^^^^^^
    fairy = _ConnectionRecord.checkout(pool)
  File "/usr/local/lib/python3.12/site-packages/sqlalchemy/engine/base.py", line 3285, in connect
            ^^^^^^^^^^^^^^^^^^^^^^^^^^^^^^^^
  File "/usr/local/lib/python3.12/site-packages/sqlalchemy/pool/base.py", line 711, in checkout
    raise exc_value.with_traceback(exc_tb)
  File "/usr/local/lib/python3.12/site-packages/sqlalchemy/pool/base.py", line 895, in __connect
    self.__connect()
  File "/usr/local/lib/python3.12/site-packages/sqlalchemy/pool/base.py", line 899, in __connect
    rec = pool._do_get()
          ^^^^^^^^^^^^^^
  File "/usr/local/lib/python3.12/site-packages/sqlalchemy/pool/impl.py", line 306, in _do_get
    self.dbapi_connection = connection = pool._invoke_creator(self)
                                         ^^^^^^^^^^^^^^^^^^^^^^^^^^
  File "/usr/local/lib/python3.12/site-packages/sqlalchemy/engine/create.py", line 661, in connect
    return self._create_connection()
           ^^^^^^^^^^^^^^^^^^^^^^^^^
  File "/usr/local/lib/python3.12/site-packages/sqlalchemy/pool/base.py", line 388, in _create_connection
    with util.safe_reraise():
         ^^^^^^^^^^^^^^^^^^^
  File "/usr/local/lib/python3.12/site-packages/sqlalchemy/util/langhelpers.py", line 224, in __exit__
    return _ConnectionRecord(self)
    raise exc_value.with_traceback(exc_tb)
    return dialect.connect(*cargs, **cparams)
           ^^^^^^^^^^^^^^^^^^^^^^^
  File "/usr/local/lib/python3.12/site-packages/sqlalchemy/pool/base.py", line 895, in __connect
  File "/usr/local/lib/python3.12/site-packages/sqlalchemy/pool/base.py", line 673, in __init__
           ^^^^^^^^^^^^^^^^^^^^^^^^^^^^^^^^^^
  File "/usr/local/lib/python3.12/site-packages/sqlalchemy/engine/default.py", line 630, in connect
    self.__connect()
  File "/usr/local/lib/python3.12/site-packages/sqlalchemy/pool/base.py", line 899, in __connect
    return self.loaded_dbapi.connect(*cargs, **cparams)  # type: ignore[no-any-return]  # NOQA: E501
    self.dbapi_connection = connection = pool._invoke_creator(self)
    return self._connection_cls(self)
           ^^^^^^^^^^^^^^^^^^^^^^^^^^^^^^^^^^^^^^^^^^^^
  File "/usr/local/lib/python3.12/site-packages/psycopg2/__init__.py", line 122, in connect
                                         ^^^^^^^^^^^^^^^^^^^^^^^^^^
           ^^^^^^^^^^^^^^^^^^^^^^^^^^
  File "/usr/local/lib/python3.12/site-packages/sqlalchemy/engine/create.py", line 661, in connect
  File "/usr/local/lib/python3.12/site-packages/sqlalchemy/engine/base.py", line 145, in __init__
    conn = _connect(dsn, connection_factory=connection_factory, **kwasync)
    Connection._handle_dbapi_exception_noconnection(
  File "/usr/local/lib/python3.12/site-packages/sqlalchemy/engine/base.py", line 2448, in _handle_dbapi_exception_noconnection
           ^^^^^^^^^^^^^^^^^^^^^^^^^^^^^^^^^^^^^^^^^^^^^^^^^^^^^^^^^^^^^^^
sqlalchemy.exc.OperationalError: (psycopg2.OperationalError) connection to server at "db-main" (10.89.1.6), port 5432 failed: FATAL:  the database system is starting up

(Background on this error at: https://sqlalche.me/e/20/e3q8)
    with util.safe_reraise():
         ^^^^^^^^^^^^^^^^^^^
  File "/usr/local/lib/python3.12/site-packages/sqlalchemy/util/langhelpers.py", line 224, in __exit__
    return dialect.connect(*cargs, **cparams)
           ^^^^^^^^^^^^^^^^^^^^^^^^^^^^^^^^^^
  File "/usr/local/lib/python3.12/site-packages/sqlalchemy/engine/default.py", line 630, in connect
    raise exc_value.with_traceback(exc_tb)
  File "/usr/local/lib/python3.12/site-packages/sqlalchemy/pool/base.py", line 895, in __connect
    return self.loaded_dbapi.connect(*cargs, **cparams)  # type: ignore[no-any-return]  # NOQA: E501
           ^^^^^^^^^^^^^^^^^^^^^^^^^^^^^^^^^^^^^^^^^^^^
  File "/usr/local/lib/python3.12/site-packages/psycopg2/__init__.py", line 122, in connect
    self.dbapi_connection = connection = pool._invoke_creator(self)
    conn = _connect(dsn, connection_factory=connection_factory, **kwasync)
                                         ^^^^^^^^^^^^^^^^^^^^^^^^^^
  File "/usr/local/lib/python3.12/site-packages/sqlalchemy/engine/create.py", line 661, in connect
           ^^^^^^^^^^^^^^^^^^^^^^^^^^^^^^^^^^^^^^^^^^^^^^^^^^^^^^^^^^^^^^^
sqlalchemy.exc.OperationalError: (psycopg2.OperationalError) connection to server at "db-main" (10.89.1.6), port 5432 failed: FATAL:  the database system is starting up

(Background on this error at: https://sqlalche.me/e/20/e3q8)
    raise sqlalchemy_exception.with_traceback(exc_info[2]) from e
  File "/usr/local/lib/python3.12/site-packages/sqlalchemy/engine/base.py", line 143, in __init__
    return dialect.connect(*cargs, **cparams)
    self._dbapi_connection = engine.raw_connection()
           ^^^^^^^^^^^^^^^^^^^^^^^^^^^^^^^^^^
  File "/usr/local/lib/python3.12/site-packages/sqlalchemy/engine/default.py", line 630, in connect
                             ^^^^^^^^^^^^^^^^^^^^^^^
  File "/usr/local/lib/python3.12/site-packages/sqlalchemy/engine/base.py", line 3309, in raw_connection
    return self.loaded_dbapi.connect(*cargs, **cparams)  # type: ignore[no-any-return]  # NOQA: E501
           ^^^^^^^^^^^^^^^^^^^^^^^^^^^^^^^^^^^^^^^^^^^^
  File "/usr/local/lib/python3.12/site-packages/psycopg2/__init__.py", line 122, in connect
    conn = _connect(dsn, connection_factory=connection_factory, **kwasync)
           ^^^^^^^^^^^^^^^^^^^^^^^^^^^^^^^^^^^^^^^^^^^^^^^^^^^^^^^^^^^^^^^
sqlalchemy.exc.OperationalError: (psycopg2.OperationalError) connection to server at "db-main" (10.89.1.6), port 5432 failed: FATAL:  the database system is starting up

(Background on this error at: https://sqlalche.me/e/20/e3q8)
    return self.pool.connect()
           ^^^^^^^^^^^^^^^^^^^
  File "/usr/local/lib/python3.12/site-packages/sqlalchemy/pool/base.py", line 447, in connect
    return _ConnectionFairy._checkout(self)
           ^^^^^^^^^^^^^^^^^^^^^^^^^^^^^^^^
  File "/usr/local/lib/python3.12/site-packages/sqlalchemy/pool/base.py", line 1264, in _checkout
    fairy = _ConnectionRecord.checkout(pool)
            ^^^^^^^^^^^^^^^^^^^^^^^^^^^^^^^^
  File "/usr/local/lib/python3.12/site-packages/sqlalchemy/pool/base.py", line 711, in checkout
    rec = pool._do_get()
          ^^^^^^^^^^^^^^
  File "/usr/local/lib/python3.12/site-packages/sqlalchemy/pool/impl.py", line 306, in _do_get
    return self._create_connection()
           ^^^^^^^^^^^^^^^^^^^^^^^^^
  File "/usr/local/lib/python3.12/site-packages/sqlalchemy/pool/base.py", line 388, in _create_connection
    return _ConnectionRecord(self)
           ^^^^^^^^^^^^^^^^^^^^^^^
  File "/usr/local/lib/python3.12/site-packages/sqlalchemy/pool/base.py", line 673, in __init__
    self.__connect()
  File "/usr/local/lib/python3.12/site-packages/sqlalchemy/pool/base.py", line 899, in __connect
    with util.safe_reraise():
         ^^^^^^^^^^^^^^^^^^^
  File "/usr/local/lib/python3.12/site-packages/sqlalchemy/util/langhelpers.py", line 224, in __exit__
    raise exc_value.with_traceback(exc_tb)
  File "/usr/local/lib/python3.12/site-packages/sqlalchemy/pool/base.py", line 895, in __connect
    self.dbapi_connection = connection = pool._invoke_creator(self)
                                         ^^^^^^^^^^^^^^^^^^^^^^^^^^
  File "/usr/local/lib/python3.12/site-packages/sqlalchemy/engine/create.py", line 661, in connect
    return dialect.connect(*cargs, **cparams)
           ^^^^^^^^^^^^^^^^^^^^^^^^^^^^^^^^^^
  File "/usr/local/lib/python3.12/site-packages/sqlalchemy/engine/default.py", line 630, in connect
    return self.loaded_dbapi.connect(*cargs, **cparams)  # type: ignore[no-any-return]  # NOQA: E501
           ^^^^^^^^^^^^^^^^^^^^^^^^^^^^^^^^^^^^^^^^^^^^
  File "/usr/local/lib/python3.12/site-packages/psycopg2/__init__.py", line 122, in connect
    conn = _connect(dsn, connection_factory=connection_factory, **kwasync)
           ^^^^^^^^^^^^^^^^^^^^^^^^^^^^^^^^^^^^^^^^^^^^^^^^^^^^^^^^^^^^^^^
sqlalchemy.exc.OperationalError: (psycopg2.OperationalError) connection to server at "db-main" (10.89.1.6), port 5432 failed: FATAL:  the database system is starting up

(Background on this error at: https://sqlalche.me/e/20/e3q8)
[2026-02-19 13:23:01 +0000] [8] [INFO] Application startup complete.
[2026-02-19 13:23:01 +0000] [10] [INFO] Application startup complete.
[2026-02-19 13:23:01 +0000] [9] [INFO] Application startup complete.
[2026-02-19 13:23:01 +0000] [7] [INFO] Application startup complete.
[2026-02-19 13:23:48 +0000] [1] [INFO] Handling signal: term
[2026-02-19 13:23:48 +0000] [9] [INFO] Shutting down
[2026-02-19 13:23:48 +0000] [8] [INFO] Shutting down
[2026-02-19 13:23:48 +0000] [10] [INFO] Shutting down
[2026-02-19 13:23:48 +0000] [8] [INFO] Error while closing socket [Errno 9] Bad file descriptor
[2026-02-19 13:23:48 +0000] [9] [INFO] Error while closing socket [Errno 9] Bad file descriptor
[2026-02-19 13:23:48 +0000] [10] [INFO] Error while closing socket [Errno 9] Bad file descriptor
[2026-02-19 13:23:48 +0000] [7] [INFO] Shutting down
[2026-02-19 13:23:48 +0000] [7] [INFO] Error while closing socket [Errno 9] Bad file descriptor
[2026-02-19 13:23:48 +0000] [9] [INFO] Waiting for application shutdown.
[2026-02-19 13:23:48 +0000] [8] [INFO] Waiting for application shutdown.
[2026-02-19 13:23:48 +0000] [10] [INFO] Waiting for application shutdown.
[2026-02-19 13:23:48 +0000] [9] [INFO] Application shutdown complete.
[2026-02-19 13:23:48 +0000] [8] [INFO] Application shutdown complete.
[2026-02-19 13:23:48 +0000] [8] [INFO] Finished server process [8]
[2026-02-19 13:23:48 +0000] [9] [INFO] Finished server process [9]
[2026-02-19 13:23:48 +0000] [10] [INFO] Application shutdown complete.
[2026-02-19 13:23:48 +0000] [10] [INFO] Finished server process [10]
[2026-02-19 13:23:48 +0000] [7] [INFO] Waiting for application shutdown.
[2026-02-19 13:23:48 +0000] [7] [INFO] Application shutdown complete.
[2026-02-19 13:23:48 +0000] [7] [INFO] Finished server process [7]
[2026-02-19 13:23:48 +0000] [1] [INFO] Worker (pid:7) was sent SIGTERM!
[2026-02-19 13:23:48 +0000] [1] [INFO] Worker (pid:8) was sent SIGTERM!
[2026-02-19 13:23:48 +0000] [1] [INFO] Worker (pid:9) was sent SIGTERM!
[2026-02-19 13:23:48 +0000] [1] [INFO] Worker (pid:10) was sent SIGTERM!
[2026-02-19 13:23:48 +0000] [1] [INFO] Shutting down: Master
[ENTRYPOINT] Demarrage du backend Sauvetage
[ENTRYPOINT] DATABASE_URL construit depuis les variables BD
[ENTRYPOINT] DATABASE_SECURE_URL construit depuis les variables BD
[ENTRYPOINT] MONGODB_URL construit depuis les variables BD
[ENTRYPOINT] Configuration:
[ENTRYPOINT]   DATABASE_URL: [REDACTED]
[ENTRYPOINT]   MONGODB_URL: [REDACTED]
[ENTRYPOINT]   LOG_LEVEL=info
[ENTRYPOINT]   DEBUG=true
Attente de PostgreSQL sur db-main:5432...
PostgreSQL est accessible !
[ENTRYPOINT] Demarrage de Gunicorn (4 workers)
[2026-02-19 13:24:01 +0000] [1] [INFO] Starting gunicorn 25.0.1
[2026-02-19 13:24:01 +0000] [1] [INFO] Listening at: http://0.0.0.0:8000 (1)
[2026-02-19 13:24:01 +0000] [1] [INFO] Using worker: uvicorn.workers.UvicornWorker
[2026-02-19 13:24:01 +0000] [3] [INFO] Booting worker with pid: 3
[2026-02-19 13:24:01 +0000] [4] [INFO] Booting worker with pid: 4
[2026-02-19 13:24:01 +0000] [5] [INFO] Booting worker with pid: 5
[2026-02-19 13:24:01 +0000] [6] [INFO] Booting worker with pid: 6
[2026-02-19 13:24:01 +0000] [3] [INFO] Started server process [3]
[2026-02-19 13:24:01 +0000] [3] [INFO] Waiting for application startup.
[2026-02-19 13:24:01 +0000] [4] [INFO] Started server process [4]
[2026-02-19 13:24:01 +0000] [4] [INFO] Waiting for application startup.
[2026-02-19 13:24:01 +0000] [5] [INFO] Started server process [5]
[2026-02-19 13:24:01 +0000] [5] [INFO] Waiting for application startup.
[2026-02-19 13:24:01 +0000] [6] [INFO] Started server process [6]
[2026-02-19 13:24:01 +0000] [6] [INFO] Waiting for application startup.
INFO  [alembic.runtime.migration] Context impl PostgresqlImpl.
INFO  [alembic.runtime.migration] Will assume transactional DDL.
INFO  [alembic.runtime.migration] Context impl PostgresqlImpl.
INFO  [alembic.runtime.migration] Will assume transactional DDL.
INFO  [alembic.runtime.migration] Running upgrade  -> 20333e4bb49a, Migration initiale main
INFO  [alembic.runtime.migration] Context impl PostgresqlImpl.
INFO  [alembic.runtime.migration] Will assume transactional DDL.
INFO  [alembic.runtime.migration] Context impl PostgresqlImpl.
INFO  [alembic.runtime.migration] Will assume transactional DDL.
online
>>> DEBUT DE MIGRATION <<<
>>>FIN DE MIGRATION<<<
online
online
online
Traceback (most recent call last):
Traceback (most recent call last):
  File "/usr/local/lib/python3.12/site-packages/sqlalchemy/engine/base.py", line 1967, in _exec_single_context
  File "/usr/local/lib/python3.12/site-packages/sqlalchemy/engine/base.py", line 1967, in _exec_single_context
    self.dialect.do_execute(
    self.dialect.do_execute(
  File "/usr/local/lib/python3.12/site-packages/sqlalchemy/engine/default.py", line 952, in do_execute
  File "/usr/local/lib/python3.12/site-packages/sqlalchemy/engine/default.py", line 952, in do_execute
    cursor.execute(statement, parameters)
    cursor.execute(statement, parameters)
psycopg2.errors.UniqueViolation: duplicate key value violates unique constraint "pg_type_typname_nsp_index"
DETAIL:  Key (typname, typnamespace)=(alembic_version, 16392) already exists.
psycopg2.errors.UniqueViolation: duplicate key value violates unique constraint "pg_type_typname_nsp_index"
DETAIL:  Key (typname, typnamespace)=(alembic_version, 16392) already exists.




The above exception was the direct cause of the following exception:
The above exception was the direct cause of the following exception:


Traceback (most recent call last):
Traceback (most recent call last):
  File "/usr/local/bin/alembic", line 8, in <module>
  File "/usr/local/bin/alembic", line 8, in <module>
    sys.exit(main())
    sys.exit(main())
             ^^^^^^
             ^^^^^^
  File "/usr/local/lib/python3.12/site-packages/alembic/config.py", line 1047, in main
  File "/usr/local/lib/python3.12/site-packages/alembic/config.py", line 1047, in main
    CommandLine(prog=prog).main(argv=argv)
    CommandLine(prog=prog).main(argv=argv)
  File "/usr/local/lib/python3.12/site-packages/alembic/config.py", line 1037, in main
  File "/usr/local/lib/python3.12/site-packages/alembic/config.py", line 1037, in main
Traceback (most recent call last):
  File "/usr/local/lib/python3.12/site-packages/sqlalchemy/engine/base.py", line 1967, in _exec_single_context
    self.run_cmd(cfg, options)
  File "/usr/local/lib/python3.12/site-packages/alembic/config.py", line 971, in run_cmd
    self.run_cmd(cfg, options)
    self.dialect.do_execute(
  File "/usr/local/lib/python3.12/site-packages/sqlalchemy/engine/default.py", line 952, in do_execute
  File "/usr/local/lib/python3.12/site-packages/alembic/config.py", line 971, in run_cmd
    fn(
  File "/usr/local/lib/python3.12/site-packages/alembic/command.py", line 483, in upgrade
    cursor.execute(statement, parameters)
    script.run_env()
psycopg2.errors.UniqueViolation: duplicate key value violates unique constraint "pg_type_typname_nsp_index"
DETAIL:  Key (typname, typnamespace)=(alembic_version, 16392) already exists.


The above exception was the direct cause of the following exception:

Traceback (most recent call last):
  File "/usr/local/lib/python3.12/site-packages/alembic/script/base.py", line 545, in run_env
  File "/usr/local/bin/alembic", line 8, in <module>
    sys.exit(main())
             ^^^^^^
  File "/usr/local/lib/python3.12/site-packages/alembic/config.py", line 1047, in main
    fn(
  File "/usr/local/lib/python3.12/site-packages/alembic/command.py", line 483, in upgrade
    util.load_python_file(self.dir, "env.py")
    CommandLine(prog=prog).main(argv=argv)
  File "/usr/local/lib/python3.12/site-packages/alembic/util/pyfiles.py", line 116, in load_python_file
    script.run_env()
  File "/usr/local/lib/python3.12/site-packages/alembic/config.py", line 1037, in main
  File "/usr/local/lib/python3.12/site-packages/alembic/script/base.py", line 545, in run_env
    module = load_module_py(module_id, path)
             ^^^^^^^^^^^^^^^^^^^^^^^^^^^^^^^
  File "/usr/local/lib/python3.12/site-packages/alembic/util/pyfiles.py", line 136, in load_module_py
    self.run_cmd(cfg, options)
  File "/usr/local/lib/python3.12/site-packages/alembic/config.py", line 971, in run_cmd
    spec.loader.exec_module(module)  # type: ignore
    util.load_python_file(self.dir, "env.py")
    ^^^^^^^^^^^^^^^^^^^^^^^^^^^^^^^
  File "<frozen importlib._bootstrap_external>", line 999, in exec_module
  File "<frozen importlib._bootstrap>", line 488, in _call_with_frames_removed
  File "/app/main/alembic/env.py", line 97, in <module>
  File "/usr/local/lib/python3.12/site-packages/alembic/util/pyfiles.py", line 116, in load_python_file
    module = load_module_py(module_id, path)
    run_migrations_online()
    fn(
  File "/usr/local/lib/python3.12/site-packages/alembic/command.py", line 483, in upgrade
  File "/app/main/alembic/env.py", line 92, in run_migrations_online
             ^^^^^^^^^^^^^^^^^^^^^^^^^^^^^^^
  File "/usr/local/lib/python3.12/site-packages/alembic/util/pyfiles.py", line 136, in load_module_py
    script.run_env()
    context.run_migrations()    # pylint: disable=no-member
  File "/usr/local/lib/python3.12/site-packages/alembic/script/base.py", line 545, in run_env
    spec.loader.exec_module(module)  # type: ignore
    ^^^^^^^^^^^^^^^^^^^^^^^^
  File "<string>", line 8, in run_migrations
  File "/usr/local/lib/python3.12/site-packages/alembic/runtime/environment.py", line 969, in run_migrations
    ^^^^^^^^^^^^^^^^^^^^^^^^^^^^^^^
  File "<frozen importlib._bootstrap_external>", line 999, in exec_module
  File "<frozen importlib._bootstrap>", line 488, in _call_with_frames_removed
  File "/app/main/alembic/env.py", line 97, in <module>
    util.load_python_file(self.dir, "env.py")
  File "/usr/local/lib/python3.12/site-packages/alembic/util/pyfiles.py", line 116, in load_python_file
    run_migrations_online()
    module = load_module_py(module_id, path)
  File "/app/main/alembic/env.py", line 92, in run_migrations_online
             ^^^^^^^^^^^^^^^^^^^^^^^^^^^^^^^
  File "/usr/local/lib/python3.12/site-packages/alembic/util/pyfiles.py", line 136, in load_module_py
    spec.loader.exec_module(module)  # type: ignore
    context.run_migrations()    # pylint: disable=no-member
    ^^^^^^^^^^^^^^^^^^^^^^^^^^^^^^^
  File "<frozen importlib._bootstrap_external>", line 999, in exec_module
  File "<frozen importlib._bootstrap>", line 488, in _call_with_frames_removed
  File "/app/main/alembic/env.py", line 97, in <module>
    ^^^^^^^^^^^^^^^^^^^^^^^^
  File "<string>", line 8, in run_migrations
  File "/usr/local/lib/python3.12/site-packages/alembic/runtime/environment.py", line 969, in run_migrations
    run_migrations_online()
    self.get_context().run_migrations(**kw)
  File "/app/main/alembic/env.py", line 92, in run_migrations_online
  File "/usr/local/lib/python3.12/site-packages/alembic/runtime/migration.py", line 609, in run_migrations
    context.run_migrations()    # pylint: disable=no-member
    ^^^^^^^^^^^^^^^^^^^^^^^^
  File "<string>", line 8, in run_migrations
  File "/usr/local/lib/python3.12/site-packages/alembic/runtime/environment.py", line 969, in run_migrations
    self.get_context().run_migrations(**kw)
  File "/usr/local/lib/python3.12/site-packages/alembic/runtime/migration.py", line 609, in run_migrations
    self._ensure_version_table()
    self.get_context().run_migrations(**kw)
  File "/usr/local/lib/python3.12/site-packages/alembic/runtime/migration.py", line 547, in _ensure_version_table
  File "/usr/local/lib/python3.12/site-packages/alembic/runtime/migration.py", line 609, in run_migrations
    self._ensure_version_table()
  File "/usr/local/lib/python3.12/site-packages/alembic/runtime/migration.py", line 547, in _ensure_version_table
    self._version.create(self.connection, checkfirst=True)
    self._version.create(self.connection, checkfirst=True)
  File "/usr/local/lib/python3.12/site-packages/sqlalchemy/sql/schema.py", line 1288, in create
    self._ensure_version_table()
  File "/usr/local/lib/python3.12/site-packages/alembic/runtime/migration.py", line 547, in _ensure_version_table
  File "/usr/local/lib/python3.12/site-packages/sqlalchemy/sql/schema.py", line 1288, in create
    bind._run_ddl_visitor(ddl.SchemaGenerator, self, checkfirst=checkfirst)
    self._version.create(self.connection, checkfirst=True)
  File "/usr/local/lib/python3.12/site-packages/sqlalchemy/engine/base.py", line 2467, in _run_ddl_visitor
  File "/usr/local/lib/python3.12/site-packages/sqlalchemy/sql/schema.py", line 1288, in create
    bind._run_ddl_visitor(ddl.SchemaGenerator, self, checkfirst=checkfirst)
  File "/usr/local/lib/python3.12/site-packages/sqlalchemy/engine/base.py", line 2467, in _run_ddl_visitor
    ).traverse_single(element)
      ^^^^^^^^^^^^^^^^^^^^^^^^
  File "/usr/local/lib/python3.12/site-packages/sqlalchemy/sql/visitors.py", line 661, in traverse_single
    bind._run_ddl_visitor(ddl.SchemaGenerator, self, checkfirst=checkfirst)
  File "/usr/local/lib/python3.12/site-packages/sqlalchemy/engine/base.py", line 2467, in _run_ddl_visitor
    return meth(obj, **kw)
           ^^^^^^^^^^^^^^^
  File "/usr/local/lib/python3.12/site-packages/sqlalchemy/sql/ddl.py", line 1022, in visit_table
    )._invoke_with(self.connection)
      ^^^^^^^^^^^^^^^^^^^^^^^^^^^^^
  File "/usr/local/lib/python3.12/site-packages/sqlalchemy/sql/ddl.py", line 321, in _invoke_with
    return bind.execute(self)
           ^^^^^^^^^^^^^^^^^^
  File "/usr/local/lib/python3.12/site-packages/sqlalchemy/engine/base.py", line 1419, in execute
    ).traverse_single(element)
      ^^^^^^^^^^^^^^^^^^^^^^^^
  File "/usr/local/lib/python3.12/site-packages/sqlalchemy/sql/visitors.py", line 661, in traverse_single
    return meth(
           ^^^^^
  File "/usr/local/lib/python3.12/site-packages/sqlalchemy/sql/ddl.py", line 187, in _execute_on_connection
    return connection._execute_ddl(
           ^^^^^^^^^^^^^^^^^^^^^^^^
  File "/usr/local/lib/python3.12/site-packages/sqlalchemy/engine/base.py", line 1530, in _execute_ddl
    ).traverse_single(element)
    return meth(obj, **kw)
      ^^^^^^^^^^^^^^^^^^^^^^^^
  File "/usr/local/lib/python3.12/site-packages/sqlalchemy/sql/visitors.py", line 661, in traverse_single
           ^^^^^^^^^^^^^^^
  File "/usr/local/lib/python3.12/site-packages/sqlalchemy/sql/ddl.py", line 1022, in visit_table
    ret = self._execute_context(
          ^^^^^^^^^^^^^^^^^^^^^^
  File "/usr/local/lib/python3.12/site-packages/sqlalchemy/engine/base.py", line 1846, in _execute_context
    return meth(obj, **kw)
           ^^^^^^^^^^^^^^^
  File "/usr/local/lib/python3.12/site-packages/sqlalchemy/sql/ddl.py", line 1022, in visit_table
    )._invoke_with(self.connection)
    return self._exec_single_context(
           ^^^^^^^^^^^^^^^^^^^^^^^^^^
  File "/usr/local/lib/python3.12/site-packages/sqlalchemy/engine/base.py", line 1986, in _exec_single_context
      ^^^^^^^^^^^^^^^^^^^^^^^^^^^^^
  File "/usr/local/lib/python3.12/site-packages/sqlalchemy/sql/ddl.py", line 321, in _invoke_with
    return bind.execute(self)
           ^^^^^^^^^^^^^^^^^^
  File "/usr/local/lib/python3.12/site-packages/sqlalchemy/engine/base.py", line 1419, in execute
    )._invoke_with(self.connection)
      ^^^^^^^^^^^^^^^^^^^^^^^^^^^^^
  File "/usr/local/lib/python3.12/site-packages/sqlalchemy/sql/ddl.py", line 321, in _invoke_with
    self._handle_dbapi_exception(
  File "/usr/local/lib/python3.12/site-packages/sqlalchemy/engine/base.py", line 2363, in _handle_dbapi_exception
    return bind.execute(self)
           ^^^^^^^^^^^^^^^^^^
  File "/usr/local/lib/python3.12/site-packages/sqlalchemy/engine/base.py", line 1419, in execute
    return meth(
           ^^^^^
    raise sqlalchemy_exception.with_traceback(exc_info[2]) from e
  File "/usr/local/lib/python3.12/site-packages/sqlalchemy/sql/ddl.py", line 187, in _execute_on_connection
  File "/usr/local/lib/python3.12/site-packages/sqlalchemy/engine/base.py", line 1967, in _exec_single_context
    return connection._execute_ddl(
           ^^^^^^^^^^^^^^^^^^^^^^^^
  File "/usr/local/lib/python3.12/site-packages/sqlalchemy/engine/base.py", line 1530, in _execute_ddl
    return meth(
           ^^^^^
  File "/usr/local/lib/python3.12/site-packages/sqlalchemy/sql/ddl.py", line 187, in _execute_on_connection
    self.dialect.do_execute(
  File "/usr/local/lib/python3.12/site-packages/sqlalchemy/engine/default.py", line 952, in do_execute
    return connection._execute_ddl(
           ^^^^^^^^^^^^^^^^^^^^^^^^
  File "/usr/local/lib/python3.12/site-packages/sqlalchemy/engine/base.py", line 1530, in _execute_ddl
    cursor.execute(statement, parameters)
sqlalchemy.exc.IntegrityError: (psycopg2.errors.UniqueViolation) duplicate key value violates unique constraint "pg_type_typname_nsp_index"
DETAIL:  Key (typname, typnamespace)=(alembic_version, 16392) already exists.

[SQL: 
CREATE TABLE migr_main.alembic_version (
	version_num VARCHAR(32) NOT NULL, 
	CONSTRAINT alembic_version_pkc PRIMARY KEY (version_num)
)

]
(Background on this error at: https://sqlalche.me/e/20/gkpj)
    ret = self._execute_context(
          ^^^^^^^^^^^^^^^^^^^^^^
  File "/usr/local/lib/python3.12/site-packages/sqlalchemy/engine/base.py", line 1846, in _execute_context
    ret = self._execute_context(
          ^^^^^^^^^^^^^^^^^^^^^^
  File "/usr/local/lib/python3.12/site-packages/sqlalchemy/engine/base.py", line 1846, in _execute_context
    return self._exec_single_context(
           ^^^^^^^^^^^^^^^^^^^^^^^^^^
  File "/usr/local/lib/python3.12/site-packages/sqlalchemy/engine/base.py", line 1986, in _exec_single_context
    return self._exec_single_context(
           ^^^^^^^^^^^^^^^^^^^^^^^^^^
  File "/usr/local/lib/python3.12/site-packages/sqlalchemy/engine/base.py", line 1986, in _exec_single_context
    self._handle_dbapi_exception(
  File "/usr/local/lib/python3.12/site-packages/sqlalchemy/engine/base.py", line 2363, in _handle_dbapi_exception
    self._handle_dbapi_exception(
  File "/usr/local/lib/python3.12/site-packages/sqlalchemy/engine/base.py", line 2363, in _handle_dbapi_exception
    raise sqlalchemy_exception.with_traceback(exc_info[2]) from e
  File "/usr/local/lib/python3.12/site-packages/sqlalchemy/engine/base.py", line 1967, in _exec_single_context
    raise sqlalchemy_exception.with_traceback(exc_info[2]) from e
  File "/usr/local/lib/python3.12/site-packages/sqlalchemy/engine/base.py", line 1967, in _exec_single_context
    self.dialect.do_execute(
  File "/usr/local/lib/python3.12/site-packages/sqlalchemy/engine/default.py", line 952, in do_execute
    self.dialect.do_execute(
  File "/usr/local/lib/python3.12/site-packages/sqlalchemy/engine/default.py", line 952, in do_execute
    cursor.execute(statement, parameters)
sqlalchemy.exc.IntegrityError: (psycopg2.errors.UniqueViolation) duplicate key value violates unique constraint "pg_type_typname_nsp_index"
DETAIL:  Key (typname, typnamespace)=(alembic_version, 16392) already exists.

[SQL: 
CREATE TABLE migr_main.alembic_version (
	version_num VARCHAR(32) NOT NULL, 
	CONSTRAINT alembic_version_pkc PRIMARY KEY (version_num)
)

]
(Background on this error at: https://sqlalche.me/e/20/gkpj)
    cursor.execute(statement, parameters)
sqlalchemy.exc.IntegrityError: (psycopg2.errors.UniqueViolation) duplicate key value violates unique constraint "pg_type_typname_nsp_index"
DETAIL:  Key (typname, typnamespace)=(alembic_version, 16392) already exists.

[SQL: 
CREATE TABLE migr_main.alembic_version (
	version_num VARCHAR(32) NOT NULL, 
	CONSTRAINT alembic_version_pkc PRIMARY KEY (version_num)
)

]
(Background on this error at: https://sqlalche.me/e/20/gkpj)
[2026-02-19 13:24:02 +0000] [4] [INFO] Application startup complete.
[2026-02-19 13:24:02 +0000] [6] [INFO] Application startup complete.
[2026-02-19 13:24:02 +0000] [5] [INFO] Application startup complete.
INFO  [alembic.runtime.migration] Context impl PostgresqlImpl.
INFO  [alembic.runtime.migration] Will assume transactional DDL.
INFO  [alembic.runtime.migration] Running upgrade  -> 4079c3f664ca, Migration initiale users
[2026-02-19 13:24:02 +0000] [3] [INFO] Application startup complete.
