(venv) remi-verschuur@bureau:~/Projets/sauvetage$ podman compose exec app-back alembic -c "/app/main/alembic.ini" upgrade head > migration.log 1>&2
>>>> Executing external compose provider "/usr/bin/podman-compose". Please see podman-compose(1) for how to disable this message. <<<<

INFO  [alembic.runtime.migration] Context impl PostgresqlImpl.
INFO  [alembic.runtime.migration] Will assume transactional DDL.
online
INFO  [alembic.runtime.migration] Running upgrade  -> 20333e4bb49a, Migration initiale main
>>> DEBUT DE MIGRATION <<<
Traceback (most recent call last):
  File "/usr/local/lib/python3.12/site-packages/sqlalchemy/engine/base.py", line 1967, in _exec_single_context
    self.dialect.do_execute(
  File "/usr/local/lib/python3.12/site-packages/sqlalchemy/engine/default.py", line 952, in do_execute
    cursor.execute(statement, parameters)
psycopg2.errors.DuplicateTable: relation "customers" already exists


The above exception was the direct cause of the following exception:

Traceback (most recent call last):
  File "/usr/local/bin/alembic", line 8, in <module>
    sys.exit(main())
             ^^^^^^
  File "/usr/local/lib/python3.12/site-packages/alembic/config.py", line 1047, in main
    CommandLine(prog=prog).main(argv=argv)
  File "/usr/local/lib/python3.12/site-packages/alembic/config.py", line 1037, in main
    self.run_cmd(cfg, options)
  File "/usr/local/lib/python3.12/site-packages/alembic/config.py", line 971, in run_cmd
    fn(
  File "/usr/local/lib/python3.12/site-packages/alembic/command.py", line 483, in upgrade
    script.run_env()
  File "/usr/local/lib/python3.12/site-packages/alembic/script/base.py", line 545, in run_env
    util.load_python_file(self.dir, "env.py")
  File "/usr/local/lib/python3.12/site-packages/alembic/util/pyfiles.py", line 116, in load_python_file
    module = load_module_py(module_id, path)
             ^^^^^^^^^^^^^^^^^^^^^^^^^^^^^^^
  File "/usr/local/lib/python3.12/site-packages/alembic/util/pyfiles.py", line 136, in load_module_py
    spec.loader.exec_module(module)  # type: ignore
    ^^^^^^^^^^^^^^^^^^^^^^^^^^^^^^^
  File "<frozen importlib._bootstrap_external>", line 999, in exec_module
  File "<frozen importlib._bootstrap>", line 488, in _call_with_frames_removed
  File "/app/main/alembic/env.py", line 97, in <module>
    run_migrations_online()
  File "/app/main/alembic/env.py", line 92, in run_migrations_online
    context.run_migrations()    # pylint: disable=no-member
    ^^^^^^^^^^^^^^^^^^^^^^^^
  File "<string>", line 8, in run_migrations
  File "/usr/local/lib/python3.12/site-packages/alembic/runtime/environment.py", line 969, in run_migrations
    self.get_context().run_migrations(**kw)
  File "/usr/local/lib/python3.12/site-packages/alembic/runtime/migration.py", line 626, in run_migrations
    step.migration_fn(**kw)
  File "/app/main/alembic/versions/20333e4bb49a_migration_initiale.py", line 32, in upgrade
    op.create_table('customers',    # pylint: disable=no-member
  File "<string>", line 8, in create_table
  File "<string>", line 3, in create_table
  File "/usr/local/lib/python3.12/site-packages/alembic/operations/ops.py", line 1331, in create_table
    return operations.invoke(op)
           ^^^^^^^^^^^^^^^^^^^^^
  File "/usr/local/lib/python3.12/site-packages/alembic/operations/base.py", line 452, in invoke
    return fn(self, operation)
           ^^^^^^^^^^^^^^^^^^^
  File "/usr/local/lib/python3.12/site-packages/alembic/operations/toimpl.py", line 140, in create_table
    operations.impl.create_table(table, **kw)
  File "/usr/local/lib/python3.12/site-packages/alembic/ddl/impl.py", line 440, in create_table
    self._exec(schema.CreateTable(table, **kw))
  File "/usr/local/lib/python3.12/site-packages/alembic/ddl/impl.py", line 256, in _exec
    return conn.execute(construct, params)
           ^^^^^^^^^^^^^^^^^^^^^^^^^^^^^^^
  File "/usr/local/lib/python3.12/site-packages/sqlalchemy/engine/base.py", line 1419, in execute
    return meth(
           ^^^^^
  File "/usr/local/lib/python3.12/site-packages/sqlalchemy/sql/ddl.py", line 187, in _execute_on_connection
    return connection._execute_ddl(
           ^^^^^^^^^^^^^^^^^^^^^^^^
  File "/usr/local/lib/python3.12/site-packages/sqlalchemy/engine/base.py", line 1530, in _execute_ddl
    ret = self._execute_context(
          ^^^^^^^^^^^^^^^^^^^^^^
  File "/usr/local/lib/python3.12/site-packages/sqlalchemy/engine/base.py", line 1846, in _execute_context
    return self._exec_single_context(
           ^^^^^^^^^^^^^^^^^^^^^^^^^^
  File "/usr/local/lib/python3.12/site-packages/sqlalchemy/engine/base.py", line 1986, in _exec_single_context
    self._handle_dbapi_exception(
  File "/usr/local/lib/python3.12/site-packages/sqlalchemy/engine/base.py", line 2363, in _handle_dbapi_exception
    raise sqlalchemy_exception.with_traceback(exc_info[2]) from e
  File "/usr/local/lib/python3.12/site-packages/sqlalchemy/engine/base.py", line 1967, in _exec_single_context
    self.dialect.do_execute(
  File "/usr/local/lib/python3.12/site-packages/sqlalchemy/engine/default.py", line 952, in do_execute
    cursor.execute(statement, parameters)
sqlalchemy.exc.ProgrammingError: (psycopg2.errors.DuplicateTable) relation "customers" already exists

[SQL: 
CREATE TABLE app_schema.customers (
        id SERIAL NOT NULL, 
        wpwc_id VARCHAR(50), 
        henrri_id VARCHAR(100), 
        customer_type VARCHAR(20) NOT NULL, 
        is_active BOOLEAN NOT NULL, 
        created_at TIMESTAMP WITHOUT TIME ZONE NOT NULL, 
        updated_at TIMESTAMP WITHOUT TIME ZONE NOT NULL, 
        last_synced_at TIMESTAMP WITHOUT TIME ZONE, 
        PRIMARY KEY (id), 
        UNIQUE (henrri_id), 
        UNIQUE (wpwc_id)
)

]
(Background on this error at: https://sqlalche.me/e/20/f405)
Error: executing /usr/bin/podman-compose exec app-back alembic -c /app/main/alembic.ini upgrade head: exit status 1